  [1m[35m (0.1ms)[0m  [1m[34mSELECT sqlite_version(*)[0m
  [1m[35m (64.5ms)[0m  [1m[35mCREATE TABLE "schema_migrations" ("version" varchar NOT NULL PRIMARY KEY)[0m
  [1m[35m (67.3ms)[0m  [1m[35mCREATE TABLE "ar_internal_metadata" ("key" varchar NOT NULL PRIMARY KEY, "value" varchar, "created_at" datetime NOT NULL, "updated_at" datetime NOT NULL)[0m
  [1m[35m (0.1ms)[0m  [1m[34mSELECT "schema_migrations"."version" FROM "schema_migrations" ORDER BY "schema_migrations"."version" ASC[0m
Migrating to CreateTodos (20190114191646)
  [1m[35m (0.0ms)[0m  [1m[36mbegin transaction[0m
  [1m[35m (0.3ms)[0m  [1m[35mCREATE TABLE "todos" ("id" INTEGER PRIMARY KEY AUTOINCREMENT NOT NULL, "title" varchar, "created_by" varchar, "created_at" datetime NOT NULL, "updated_at" datetime NOT NULL)[0m
  [1m[35mSQL (0.1ms)[0m  [1m[32mINSERT INTO "schema_migrations" ("version") VALUES (?)[0m  [["version", "20190114191646"]]
  [1m[35m (68.9ms)[0m  [1m[36mcommit transaction[0m
Migrating to CreateItems (20190114191822)
  [1m[35m (0.1ms)[0m  [1m[36mbegin transaction[0m
  [1m[35m (0.5ms)[0m  [1m[35mCREATE TABLE "items" ("id" INTEGER PRIMARY KEY AUTOINCREMENT NOT NULL, "name" varchar, "done" boolean, "todo_id" integer, "created_at" datetime NOT NULL, "updated_at" datetime NOT NULL, CONSTRAINT "fk_rails_c01e6b449d"
FOREIGN KEY ("todo_id")
  REFERENCES "todos" ("id")
)[0m
  [1m[35m (0.2ms)[0m  [1m[35mCREATE  INDEX "index_items_on_todo_id" ON "items" ("todo_id")[0m
  [1m[35mSQL (0.2ms)[0m  [1m[32mINSERT INTO "schema_migrations" ("version") VALUES (?)[0m  [["version", "20190114191822"]]
  [1m[35m (64.1ms)[0m  [1m[36mcommit transaction[0m
  [1m[36mActiveRecord::InternalMetadata Load (0.3ms)[0m  [1m[34mSELECT  "ar_internal_metadata".* FROM "ar_internal_metadata" WHERE "ar_internal_metadata"."key" = ? LIMIT ?[0m  [["key", "environment"], ["LIMIT", 1]]
  [1m[35m (0.0ms)[0m  [1m[36mbegin transaction[0m
  [1m[35mSQL (0.2ms)[0m  [1m[32mINSERT INTO "ar_internal_metadata" ("key", "value", "created_at", "updated_at") VALUES (?, ?, ?, ?)[0m  [["key", "environment"], ["value", "development"], ["created_at", "2019-01-14 19:19:11.424946"], ["updated_at", "2019-01-14 19:19:11.424946"]]
  [1m[35m (47.9ms)[0m  [1m[36mcommit transaction[0m
  [1m[35m (0.2ms)[0m  [1m[34mSELECT "schema_migrations"."version" FROM "schema_migrations" ORDER BY "schema_migrations"."version" ASC[0m
  [1m[35m (0.2ms)[0m  [1m[34m            SELECT sql
            FROM sqlite_master
            WHERE name='index_items_on_todo_id' AND type='index'
            UNION ALL
            SELECT sql
            FROM sqlite_temp_master
            WHERE name='index_items_on_todo_id' AND type='index'
[0m
Started GET "/todos" for 127.0.0.1 at 2019-01-14 22:17:20 -0600
  [1m[35m (0.1ms)[0m  [1m[34mSELECT "schema_migrations"."version" FROM "schema_migrations" ORDER BY "schema_migrations"."version" ASC[0m
Processing by TodosController#index as HTML
  [1m[36mTodo Load (0.3ms)[0m  [1m[34mSELECT "todos".* FROM "todos"[0m
Completed 200 OK in 6ms (Views: 1.0ms | ActiveRecord: 0.5ms)


Started GET "/favicon.ico" for 127.0.0.1 at 2019-01-14 22:17:20 -0600
  
ActionController::RoutingError (No route matches [GET] "/favicon.ico"):
  
actionpack (5.1.6.1) lib/action_dispatch/middleware/debug_exceptions.rb:63:in `call'
actionpack (5.1.6.1) lib/action_dispatch/middleware/show_exceptions.rb:31:in `call'
railties (5.1.6.1) lib/rails/rack/logger.rb:36:in `call_app'
railties (5.1.6.1) lib/rails/rack/logger.rb:24:in `block in call'
activesupport (5.1.6.1) lib/active_support/tagged_logging.rb:69:in `block in tagged'
activesupport (5.1.6.1) lib/active_support/tagged_logging.rb:26:in `tagged'
activesupport (5.1.6.1) lib/active_support/tagged_logging.rb:69:in `tagged'
railties (5.1.6.1) lib/rails/rack/logger.rb:24:in `call'
actionpack (5.1.6.1) lib/action_dispatch/middleware/remote_ip.rb:79:in `call'
actionpack (5.1.6.1) lib/action_dispatch/middleware/request_id.rb:25:in `call'
rack (2.0.6) lib/rack/runtime.rb:22:in `call'
activesupport (5.1.6.1) lib/active_support/cache/strategy/local_cache_middleware.rb:27:in `call'
actionpack (5.1.6.1) lib/action_dispatch/middleware/executor.rb:12:in `call'
actionpack (5.1.6.1) lib/action_dispatch/middleware/static.rb:125:in `call'
rack (2.0.6) lib/rack/sendfile.rb:111:in `call'
railties (5.1.6.1) lib/rails/engine.rb:522:in `call'
puma (3.12.0) lib/puma/configuration.rb:225:in `call'
puma (3.12.0) lib/puma/server.rb:658:in `handle_request'
puma (3.12.0) lib/puma/server.rb:472:in `process_client'
puma (3.12.0) lib/puma/server.rb:332:in `block in run'
puma (3.12.0) lib/puma/thread_pool.rb:133:in `block in spawn_thread'
Started GET "/todos" for 127.0.0.1 at 2019-01-14 23:23:53 -0600
  [1m[35m (0.1ms)[0m  [1m[34mSELECT "schema_migrations"."version" FROM "schema_migrations" ORDER BY "schema_migrations"."version" ASC[0m
Processing by TodosController#index as */*
  [1m[36mTodo Load (0.2ms)[0m  [1m[34mSELECT "todos".* FROM "todos"[0m
Completed 200 OK in 6ms (Views: 1.1ms | ActiveRecord: 0.4ms)


Started POST "/todos?title=Mozart&created_by=1" for 127.0.0.1 at 2019-01-14 23:24:48 -0600
Processing by TodosController#create as */*
  Parameters: {"title"=>"Mozart", "created_by"=>"1"}
  [1m[35m (0.1ms)[0m  [1m[36mbegin transaction[0m
  [1m[35mSQL (0.3ms)[0m  [1m[32mINSERT INTO "todos" ("title", "created_by", "created_at", "updated_at") VALUES (?, ?, ?, ?)[0m  [["title", "Mozart"], ["created_by", "1"], ["created_at", "2019-01-15 05:24:48.331816"], ["updated_at", "2019-01-15 05:24:48.331816"]]
  [1m[35m (111.8ms)[0m  [1m[36mcommit transaction[0m
Completed 201 Created in 122ms (Views: 0.5ms | ActiveRecord: 113.0ms)


Started PUT "/todos/1?title=Beethoven" for 127.0.0.1 at 2019-01-14 23:25:31 -0600
Processing by TodosController#update as */*
  Parameters: {"title"=>"Beethoven", "id"=>"1"}
  [1m[36mTodo Load (0.3ms)[0m  [1m[34mSELECT  "todos".* FROM "todos" WHERE "todos"."id" = ? LIMIT ?[0m  [["id", 1], ["LIMIT", 1]]
Unpermitted parameter: :id
  [1m[35m (0.1ms)[0m  [1m[36mbegin transaction[0m
  [1m[35mSQL (0.4ms)[0m  [1m[33mUPDATE "todos" SET "title" = ?, "updated_at" = ? WHERE "todos"."id" = ?[0m  [["title", "Beethoven"], ["updated_at", "2019-01-15 05:25:31.852656"], ["id", 1]]
  [1m[35m (95.7ms)[0m  [1m[36mcommit transaction[0m
Completed 204 No Content in 105ms (ActiveRecord: 96.5ms)


Started GET "/todos" for 127.0.0.1 at 2019-01-14 23:25:51 -0600
Processing by TodosController#index as */*
  [1m[36mTodo Load (0.3ms)[0m  [1m[34mSELECT "todos".* FROM "todos"[0m
Completed 200 OK in 1ms (Views: 0.9ms | ActiveRecord: 0.3ms)


Started DELETE "/todos/1" for 127.0.0.1 at 2019-01-14 23:26:19 -0600
Processing by TodosController#destroy as */*
  Parameters: {"id"=>"1"}
  [1m[36mTodo Load (0.1ms)[0m  [1m[34mSELECT  "todos".* FROM "todos" WHERE "todos"."id" = ? LIMIT ?[0m  [["id", 1], ["LIMIT", 1]]
  [1m[35m (0.1ms)[0m  [1m[36mbegin transaction[0m
  [1m[36mItem Load (0.3ms)[0m  [1m[34mSELECT "items".* FROM "items" WHERE "items"."todo_id" = ?[0m  [["todo_id", 1]]
  [1m[35mSQL (0.3ms)[0m  [1m[31mDELETE FROM "todos" WHERE "todos"."id" = ?[0m  [["id", 1]]
  [1m[35m (124.2ms)[0m  [1m[36mcommit transaction[0m
Completed 204 No Content in 144ms (ActiveRecord: 125.5ms)


Started GET "/todos" for 127.0.0.1 at 2019-01-14 23:26:32 -0600
Processing by TodosController#index as */*
  [1m[36mTodo Load (0.2ms)[0m  [1m[34mSELECT "todos".* FROM "todos"[0m
Completed 200 OK in 1ms (Views: 0.7ms | ActiveRecord: 0.2ms)


Started GET "/todos/2/items" for 127.0.0.1 at 2019-01-15 00:22:12 -0600
  [1m[35m (0.1ms)[0m  [1m[34mSELECT "schema_migrations"."version" FROM "schema_migrations" ORDER BY "schema_migrations"."version" ASC[0m
Processing by ItemsController#index as */*
  Parameters: {"todo_id"=>"2"}
  [1m[36mTodo Load (18.3ms)[0m  [1m[34mSELECT  "todos".* FROM "todos" WHERE "todos"."id" = ? LIMIT ?[0m  [["id", 2], ["LIMIT", 1]]
Completed 404 Not Found in 27ms (Views: 0.4ms | ActiveRecord: 18.9ms)


Started POST "/todos/2/items?name=Listen%20to%205th%20Symphony&done=false" for 127.0.0.1 at 2019-01-15 00:23:14 -0600
Processing by ItemsController#create as */*
  Parameters: {"name"=>"Listen to 5th Symphony", "done"=>"false", "todo_id"=>"2"}
  [1m[36mTodo Load (0.1ms)[0m  [1m[34mSELECT  "todos".* FROM "todos" WHERE "todos"."id" = ? LIMIT ?[0m  [["id", 2], ["LIMIT", 1]]
Completed 404 Not Found in 2ms (Views: 0.2ms | ActiveRecord: 0.6ms)


Started POST "/todos?title=Mozart&created_by=1" for 127.0.0.1 at 2019-01-15 00:24:28 -0600
Processing by TodosController#create as */*
  Parameters: {"title"=>"Mozart", "created_by"=>"1"}
  [1m[35m (0.1ms)[0m  [1m[36mbegin transaction[0m
  [1m[35mSQL (13.3ms)[0m  [1m[32mINSERT INTO "todos" ("title", "created_by", "created_at", "updated_at") VALUES (?, ?, ?, ?)[0m  [["title", "Mozart"], ["created_by", "1"], ["created_at", "2019-01-15 06:24:28.918146"], ["updated_at", "2019-01-15 06:24:28.918146"]]
  [1m[35m (83.4ms)[0m  [1m[36mcommit transaction[0m
Completed 201 Created in 108ms (Views: 0.6ms | ActiveRecord: 97.0ms)


Started PUT "/todos/2?title=Beethoven" for 127.0.0.1 at 2019-01-15 00:24:40 -0600
Processing by TodosController#update as */*
  Parameters: {"title"=>"Beethoven", "id"=>"2"}
  [1m[36mTodo Load (0.2ms)[0m  [1m[34mSELECT  "todos".* FROM "todos" WHERE "todos"."id" = ? LIMIT ?[0m  [["id", 2], ["LIMIT", 1]]
Unpermitted parameter: :id
  [1m[35m (0.1ms)[0m  [1m[36mbegin transaction[0m
  [1m[35mSQL (0.6ms)[0m  [1m[33mUPDATE "todos" SET "title" = ?, "updated_at" = ? WHERE "todos"."id" = ?[0m  [["title", "Beethoven"], ["updated_at", "2019-01-15 06:24:40.946250"], ["id", 2]]
  [1m[35m (108.6ms)[0m  [1m[36mcommit transaction[0m
Completed 204 No Content in 114ms (ActiveRecord: 109.4ms)


Started GET "/todos/1" for 127.0.0.1 at 2019-01-15 00:25:05 -0600
Processing by TodosController#show as */*
  Parameters: {"id"=>"1"}
  [1m[36mTodo Load (0.3ms)[0m  [1m[34mSELECT  "todos".* FROM "todos" WHERE "todos"."id" = ? LIMIT ?[0m  [["id", 1], ["LIMIT", 1]]
Completed 404 Not Found in 1ms (Views: 0.2ms | ActiveRecord: 0.3ms)


Started GET "/todos/2" for 127.0.0.1 at 2019-01-15 00:25:10 -0600
Processing by TodosController#show as */*
  Parameters: {"id"=>"2"}
  [1m[36mTodo Load (0.1ms)[0m  [1m[34mSELECT  "todos".* FROM "todos" WHERE "todos"."id" = ? LIMIT ?[0m  [["id", 2], ["LIMIT", 1]]
Completed 200 OK in 1ms (Views: 0.4ms | ActiveRecord: 0.1ms)


Started GET "/todos/2/items" for 127.0.0.1 at 2019-01-15 00:25:21 -0600
Processing by ItemsController#index as */*
  Parameters: {"todo_id"=>"2"}
  [1m[36mTodo Load (0.1ms)[0m  [1m[34mSELECT  "todos".* FROM "todos" WHERE "todos"."id" = ? LIMIT ?[0m  [["id", 2], ["LIMIT", 1]]
  [1m[36mItem Load (10.2ms)[0m  [1m[34mSELECT "items".* FROM "items" WHERE "items"."todo_id" = ?[0m  [["todo_id", 2]]
Completed 200 OK in 25ms (Views: 4.5ms | ActiveRecord: 10.8ms)


Started POST "/todos/2/items?name=%22Listen%20to%205th%20Symphony&done=false" for 127.0.0.1 at 2019-01-15 00:25:58 -0600
Processing by ItemsController#create as */*
  Parameters: {"name"=>"\"Listen to 5th Symphony", "done"=>"false", "todo_id"=>"2"}
  [1m[36mTodo Load (0.1ms)[0m  [1m[34mSELECT  "todos".* FROM "todos" WHERE "todos"."id" = ? LIMIT ?[0m  [["id", 2], ["LIMIT", 1]]
Unpermitted parameter: :todo_id
  [1m[35m (0.1ms)[0m  [1m[36mbegin transaction[0m
  [1m[35mSQL (12.9ms)[0m  [1m[32mINSERT INTO "items" ("name", "done", "todo_id", "created_at", "updated_at") VALUES (?, ?, ?, ?, ?)[0m  [["name", "\"Listen to 5th Symphony"], ["done", "f"], ["todo_id", 2], ["created_at", "2019-01-15 06:25:58.400445"], ["updated_at", "2019-01-15 06:25:58.400445"]]
  [1m[35m (70.2ms)[0m  [1m[36mcommit transaction[0m
Completed 201 Created in 102ms (Views: 0.5ms | ActiveRecord: 83.8ms)


Started GET "/todos/2/items" for 127.0.0.1 at 2019-01-15 00:26:11 -0600
Processing by ItemsController#index as */*
  Parameters: {"todo_id"=>"2"}
  [1m[36mTodo Load (0.1ms)[0m  [1m[34mSELECT  "todos".* FROM "todos" WHERE "todos"."id" = ? LIMIT ?[0m  [["id", 2], ["LIMIT", 1]]
  [1m[36mItem Load (0.1ms)[0m  [1m[34mSELECT "items".* FROM "items" WHERE "items"."todo_id" = ?[0m  [["todo_id", 2]]
Completed 200 OK in 2ms (Views: 1.2ms | ActiveRecord: 0.2ms)


Started GET "/todos/2" for 127.0.0.1 at 2019-01-15 00:26:20 -0600
Processing by TodosController#show as */*
  Parameters: {"id"=>"2"}
  [1m[36mTodo Load (0.1ms)[0m  [1m[34mSELECT  "todos".* FROM "todos" WHERE "todos"."id" = ? LIMIT ?[0m  [["id", 2], ["LIMIT", 1]]
Completed 200 OK in 1ms (Views: 0.4ms | ActiveRecord: 0.1ms)


Started GET "/todos/2/items" for 127.0.0.1 at 2019-01-15 00:26:24 -0600
Processing by ItemsController#index as */*
  Parameters: {"todo_id"=>"2"}
  [1m[36mTodo Load (0.2ms)[0m  [1m[34mSELECT  "todos".* FROM "todos" WHERE "todos"."id" = ? LIMIT ?[0m  [["id", 2], ["LIMIT", 1]]
  [1m[36mItem Load (0.1ms)[0m  [1m[34mSELECT "items".* FROM "items" WHERE "items"."todo_id" = ?[0m  [["todo_id", 2]]
Completed 200 OK in 3ms (Views: 1.7ms | ActiveRecord: 0.3ms)


Started GET "/todos/2/items/1" for 127.0.0.1 at 2019-01-15 00:26:32 -0600
Processing by ItemsController#show as */*
  Parameters: {"todo_id"=>"2", "id"=>"1"}
  [1m[36mTodo Load (0.2ms)[0m  [1m[34mSELECT  "todos".* FROM "todos" WHERE "todos"."id" = ? LIMIT ?[0m  [["id", 2], ["LIMIT", 1]]
  [1m[36mItem Load (0.2ms)[0m  [1m[34mSELECT  "items".* FROM "items" WHERE "items"."todo_id" = ? AND "items"."id" = ? LIMIT ?[0m  [["todo_id", 2], ["id", 1], ["LIMIT", 1]]
Completed 200 OK in 3ms (Views: 0.5ms | ActiveRecord: 0.5ms)


Started PUT "/todos/2/items/1?done=true" for 127.0.0.1 at 2019-01-15 00:26:51 -0600
Processing by ItemsController#update as */*
  Parameters: {"done"=>"true", "todo_id"=>"2", "id"=>"1"}
  [1m[36mTodo Load (0.1ms)[0m  [1m[34mSELECT  "todos".* FROM "todos" WHERE "todos"."id" = ? LIMIT ?[0m  [["id", 2], ["LIMIT", 1]]
  [1m[36mItem Load (0.2ms)[0m  [1m[34mSELECT  "items".* FROM "items" WHERE "items"."todo_id" = ? AND "items"."id" = ? LIMIT ?[0m  [["todo_id", 2], ["id", 1], ["LIMIT", 1]]
Unpermitted parameters: :todo_id, :id
  [1m[35m (0.0ms)[0m  [1m[36mbegin transaction[0m
  [1m[35mSQL (0.3ms)[0m  [1m[33mUPDATE "items" SET "done" = ?, "updated_at" = ? WHERE "items"."id" = ?[0m  [["done", "t"], ["updated_at", "2019-01-15 06:26:51.787015"], ["id", 1]]
  [1m[35m (53.5ms)[0m  [1m[36mcommit transaction[0m
Completed 204 No Content in 58ms (ActiveRecord: 54.2ms)


Started GET "/todos/2/items/1" for 127.0.0.1 at 2019-01-15 00:26:58 -0600
Processing by ItemsController#show as */*
  Parameters: {"todo_id"=>"2", "id"=>"1"}
  [1m[36mTodo Load (0.1ms)[0m  [1m[34mSELECT  "todos".* FROM "todos" WHERE "todos"."id" = ? LIMIT ?[0m  [["id", 2], ["LIMIT", 1]]
  [1m[36mItem Load (0.2ms)[0m  [1m[34mSELECT  "items".* FROM "items" WHERE "items"."todo_id" = ? AND "items"."id" = ? LIMIT ?[0m  [["todo_id", 2], ["id", 1], ["LIMIT", 1]]
Completed 200 OK in 2ms (Views: 0.4ms | ActiveRecord: 0.3ms)


Started DELETE "/todos/2/items/1" for 127.0.0.1 at 2019-01-15 00:27:07 -0600
Processing by ItemsController#destroy as */*
  Parameters: {"todo_id"=>"2", "id"=>"1"}
  [1m[36mTodo Load (0.1ms)[0m  [1m[34mSELECT  "todos".* FROM "todos" WHERE "todos"."id" = ? LIMIT ?[0m  [["id", 2], ["LIMIT", 1]]
  [1m[36mItem Load (0.2ms)[0m  [1m[34mSELECT  "items".* FROM "items" WHERE "items"."todo_id" = ? AND "items"."id" = ? LIMIT ?[0m  [["todo_id", 2], ["id", 1], ["LIMIT", 1]]
  [1m[35m (0.0ms)[0m  [1m[36mbegin transaction[0m
  [1m[35mSQL (0.2ms)[0m  [1m[31mDELETE FROM "items" WHERE "items"."id" = ?[0m  [["id", 1]]
  [1m[35m (47.7ms)[0m  [1m[36mcommit transaction[0m
Completed 204 No Content in 53ms (ActiveRecord: 48.2ms)


Started GET "/todos/2/items/1" for 127.0.0.1 at 2019-01-15 00:27:10 -0600
Processing by ItemsController#show as */*
  Parameters: {"todo_id"=>"2", "id"=>"1"}
  [1m[36mTodo Load (0.1ms)[0m  [1m[34mSELECT  "todos".* FROM "todos" WHERE "todos"."id" = ? LIMIT ?[0m  [["id", 2], ["LIMIT", 1]]
  [1m[36mItem Load (0.2ms)[0m  [1m[34mSELECT  "items".* FROM "items" WHERE "items"."todo_id" = ? AND "items"."id" = ? LIMIT ?[0m  [["todo_id", 2], ["id", 1], ["LIMIT", 1]]
Completed 404 Not Found in 2ms (Views: 0.2ms | ActiveRecord: 0.3ms)


  [1m[35m (0.1ms)[0m  [1m[34mSELECT "schema_migrations"."version" FROM "schema_migrations" ORDER BY "schema_migrations"."version" ASC[0m
  [1m[35m (0.4ms)[0m  [1m[34mSELECT "ar_internal_metadata"."value" FROM "ar_internal_metadata" WHERE "ar_internal_metadata"."key" = ?[0m  [["key", "environment"]]
  [1m[35m (0.0ms)[0m  [1m[34mSELECT "schema_migrations"."version" FROM "schema_migrations" ORDER BY "schema_migrations"."version" ASC[0m
  [1m[35m (0.1ms)[0m  [1m[34mSELECT "ar_internal_metadata"."value" FROM "ar_internal_metadata" WHERE "ar_internal_metadata"."key" = ?[0m  [["key", "environment"]]
  [1m[35m (0.1ms)[0m  [1m[34mSELECT "schema_migrations"."version" FROM "schema_migrations" ORDER BY "schema_migrations"."version" ASC[0m
  [1m[35m (0.1ms)[0m  [1m[34mSELECT "ar_internal_metadata"."value" FROM "ar_internal_metadata" WHERE "ar_internal_metadata"."key" = ?[0m  [["key", "environment"]]
  [1m[35m (0.1ms)[0m  [1m[35mDROP TABLE IF EXISTS "items"[0m
  [1m[35m (0.1ms)[0m  [1m[34mSELECT sqlite_version(*)[0m
  [1m[35m (75.5ms)[0m  [1m[35mCREATE TABLE "items" ("id" INTEGER PRIMARY KEY AUTOINCREMENT NOT NULL, "name" varchar, "done" boolean, "todo_id" integer, "created_at" datetime NOT NULL, "updated_at" datetime NOT NULL)[0m
  [1m[35m (57.1ms)[0m  [1m[35mCREATE  INDEX "index_items_on_todo_id" ON "items" ("todo_id")[0m
  [1m[35m (0.3ms)[0m  [1m[35mDROP TABLE IF EXISTS "todos"[0m
  [1m[35m (69.2ms)[0m  [1m[35mCREATE TABLE "todos" ("id" INTEGER PRIMARY KEY AUTOINCREMENT NOT NULL, "title" varchar, "created_by" varchar, "created_at" datetime NOT NULL, "updated_at" datetime NOT NULL)[0m
  [1m[35m (64.2ms)[0m  [1m[35mCREATE TABLE "schema_migrations" ("version" varchar NOT NULL PRIMARY KEY)[0m
  [1m[35m (0.3ms)[0m  [1m[34mSELECT "schema_migrations"."version" FROM "schema_migrations" ORDER BY "schema_migrations"."version" ASC[0m
  [1m[35m (44.8ms)[0m  [1m[32mINSERT INTO "schema_migrations" (version) VALUES (20190114191822)[0m
  [1m[35m (58.2ms)[0m  [1m[32mINSERT INTO "schema_migrations" (version) VALUES
(20190114191646);

[0m
  [1m[35m (67.9ms)[0m  [1m[35mCREATE TABLE "ar_internal_metadata" ("key" varchar NOT NULL PRIMARY KEY, "value" varchar, "created_at" datetime NOT NULL, "updated_at" datetime NOT NULL)[0m
  [1m[36mActiveRecord::InternalMetadata Load (0.4ms)[0m  [1m[34mSELECT  "ar_internal_metadata".* FROM "ar_internal_metadata" WHERE "ar_internal_metadata"."key" = ? LIMIT ?[0m  [["key", "environment"], ["LIMIT", 1]]
  [1m[35m (0.1ms)[0m  [1m[36mbegin transaction[0m
  [1m[35mSQL (0.2ms)[0m  [1m[32mINSERT INTO "ar_internal_metadata" ("key", "value", "created_at", "updated_at") VALUES (?, ?, ?, ?)[0m  [["key", "environment"], ["value", "development"], ["created_at", "2019-01-15 22:59:52.278179"], ["updated_at", "2019-01-15 22:59:52.278179"]]
  [1m[35m (56.4ms)[0m  [1m[36mcommit transaction[0m
  [1m[36mActiveRecord::InternalMetadata Load (0.2ms)[0m  [1m[34mSELECT  "ar_internal_metadata".* FROM "ar_internal_metadata" WHERE "ar_internal_metadata"."key" = ? LIMIT ?[0m  [["key", "environment"], ["LIMIT", 1]]
  [1m[35m (0.1ms)[0m  [1m[36mbegin transaction[0m
  [1m[35mSQL (0.4ms)[0m  [1m[33mUPDATE "ar_internal_metadata" SET "value" = ?, "updated_at" = ? WHERE "ar_internal_metadata"."key" = ?[0m  [["value", "test"], ["updated_at", "2019-01-15 22:59:52.340949"], ["key", "environment"]]
  [1m[35m (50.2ms)[0m  [1m[36mcommit transaction[0m
  [1m[35m (0.1ms)[0m  [1m[34mSELECT "schema_migrations"."version" FROM "schema_migrations" ORDER BY "schema_migrations"."version" ASC[0m
  [1m[35m (0.1ms)[0m  [1m[34mSELECT "ar_internal_metadata"."value" FROM "ar_internal_metadata" WHERE "ar_internal_metadata"."key" = ?[0m  [["key", "environment"]]
  [1m[35m (0.1ms)[0m  [1m[34mSELECT "schema_migrations"."version" FROM "schema_migrations" ORDER BY "schema_migrations"."version" ASC[0m
  [1m[35m (0.1ms)[0m  [1m[34mSELECT "ar_internal_metadata"."value" FROM "ar_internal_metadata" WHERE "ar_internal_metadata"."key" = ?[0m  [["key", "environment"]]
  [1m[35m (0.0ms)[0m  [1m[34mSELECT "schema_migrations"."version" FROM "schema_migrations" ORDER BY "schema_migrations"."version" ASC[0m
  [1m[35m (0.1ms)[0m  [1m[34mSELECT "ar_internal_metadata"."value" FROM "ar_internal_metadata" WHERE "ar_internal_metadata"."key" = ?[0m  [["key", "environment"]]
  [1m[35m (0.1ms)[0m  [1m[35mDROP TABLE IF EXISTS "items"[0m
  [1m[35m (0.1ms)[0m  [1m[34mSELECT sqlite_version(*)[0m
  [1m[35m (83.3ms)[0m  [1m[35mCREATE TABLE "items" ("id" INTEGER PRIMARY KEY AUTOINCREMENT NOT NULL, "name" varchar, "done" boolean, "todo_id" integer, "created_at" datetime NOT NULL, "updated_at" datetime NOT NULL)[0m
  [1m[35m (67.0ms)[0m  [1m[35mCREATE  INDEX "index_items_on_todo_id" ON "items" ("todo_id")[0m
  [1m[35m (0.1ms)[0m  [1m[35mDROP TABLE IF EXISTS "todos"[0m
  [1m[35m (69.7ms)[0m  [1m[35mCREATE TABLE "todos" ("id" INTEGER PRIMARY KEY AUTOINCREMENT NOT NULL, "title" varchar, "created_by" varchar, "created_at" datetime NOT NULL, "updated_at" datetime NOT NULL)[0m
  [1m[35m (134.5ms)[0m  [1m[35mCREATE TABLE "schema_migrations" ("version" varchar NOT NULL PRIMARY KEY)[0m
  [1m[35m (0.3ms)[0m  [1m[34mSELECT "schema_migrations"."version" FROM "schema_migrations" ORDER BY "schema_migrations"."version" ASC[0m
  [1m[35m (49.1ms)[0m  [1m[32mINSERT INTO "schema_migrations" (version) VALUES (20190114191822)[0m
  [1m[35m (46.3ms)[0m  [1m[32mINSERT INTO "schema_migrations" (version) VALUES
(20190114191646);

[0m
  [1m[35m (66.3ms)[0m  [1m[35mCREATE TABLE "ar_internal_metadata" ("key" varchar NOT NULL PRIMARY KEY, "value" varchar, "created_at" datetime NOT NULL, "updated_at" datetime NOT NULL)[0m
  [1m[36mActiveRecord::InternalMetadata Load (0.2ms)[0m  [1m[34mSELECT  "ar_internal_metadata".* FROM "ar_internal_metadata" WHERE "ar_internal_metadata"."key" = ? LIMIT ?[0m  [["key", "environment"], ["LIMIT", 1]]
  [1m[35m (0.1ms)[0m  [1m[36mbegin transaction[0m
  [1m[35mSQL (0.2ms)[0m  [1m[32mINSERT INTO "ar_internal_metadata" ("key", "value", "created_at", "updated_at") VALUES (?, ?, ?, ?)[0m  [["key", "environment"], ["value", "development"], ["created_at", "2019-01-15 23:13:14.944748"], ["updated_at", "2019-01-15 23:13:14.944748"]]
  [1m[35m (49.3ms)[0m  [1m[36mcommit transaction[0m
  [1m[36mActiveRecord::InternalMetadata Load (0.1ms)[0m  [1m[34mSELECT  "ar_internal_metadata".* FROM "ar_internal_metadata" WHERE "ar_internal_metadata"."key" = ? LIMIT ?[0m  [["key", "environment"], ["LIMIT", 1]]
  [1m[35m (0.1ms)[0m  [1m[36mbegin transaction[0m
  [1m[35mSQL (0.3ms)[0m  [1m[33mUPDATE "ar_internal_metadata" SET "value" = ?, "updated_at" = ? WHERE "ar_internal_metadata"."key" = ?[0m  [["value", "test"], ["updated_at", "2019-01-15 23:13:15.001940"], ["key", "environment"]]
  [1m[35m (50.6ms)[0m  [1m[36mcommit transaction[0m
  [1m[35m (0.1ms)[0m  [1m[34mSELECT "schema_migrations"."version" FROM "schema_migrations" ORDER BY "schema_migrations"."version" ASC[0m
  [1m[35m (0.1ms)[0m  [1m[34mSELECT "ar_internal_metadata"."value" FROM "ar_internal_metadata" WHERE "ar_internal_metadata"."key" = ?[0m  [["key", "environment"]]
  [1m[35m (0.1ms)[0m  [1m[34mSELECT "schema_migrations"."version" FROM "schema_migrations" ORDER BY "schema_migrations"."version" ASC[0m
  [1m[35m (0.1ms)[0m  [1m[34mSELECT "ar_internal_metadata"."value" FROM "ar_internal_metadata" WHERE "ar_internal_metadata"."key" = ?[0m  [["key", "environment"]]
  [1m[35m (0.0ms)[0m  [1m[34mSELECT "schema_migrations"."version" FROM "schema_migrations" ORDER BY "schema_migrations"."version" ASC[0m
  [1m[35m (0.1ms)[0m  [1m[34mSELECT "ar_internal_metadata"."value" FROM "ar_internal_metadata" WHERE "ar_internal_metadata"."key" = ?[0m  [["key", "environment"]]
  [1m[35m (0.1ms)[0m  [1m[35mDROP TABLE IF EXISTS "items"[0m
  [1m[35m (0.1ms)[0m  [1m[34mSELECT sqlite_version(*)[0m
  [1m[35m (83.1ms)[0m  [1m[35mCREATE TABLE "items" ("id" INTEGER PRIMARY KEY AUTOINCREMENT NOT NULL, "name" varchar, "done" boolean, "todo_id" integer, "created_at" datetime NOT NULL, "updated_at" datetime NOT NULL)[0m
  [1m[35m (77.5ms)[0m  [1m[35mCREATE  INDEX "index_items_on_todo_id" ON "items" ("todo_id")[0m
  [1m[35m (0.3ms)[0m  [1m[35mDROP TABLE IF EXISTS "todos"[0m
  [1m[35m (81.7ms)[0m  [1m[35mCREATE TABLE "todos" ("id" INTEGER PRIMARY KEY AUTOINCREMENT NOT NULL, "title" varchar, "created_by" varchar, "created_at" datetime NOT NULL, "updated_at" datetime NOT NULL)[0m
  [1m[35m (64.2ms)[0m  [1m[35mCREATE TABLE "schema_migrations" ("version" varchar NOT NULL PRIMARY KEY)[0m
  [1m[35m (0.3ms)[0m  [1m[34mSELECT "schema_migrations"."version" FROM "schema_migrations" ORDER BY "schema_migrations"."version" ASC[0m
  [1m[35m (40.6ms)[0m  [1m[32mINSERT INTO "schema_migrations" (version) VALUES (20190114191822)[0m
  [1m[35m (49.5ms)[0m  [1m[32mINSERT INTO "schema_migrations" (version) VALUES
(20190114191646);

[0m
  [1m[35m (63.3ms)[0m  [1m[35mCREATE TABLE "ar_internal_metadata" ("key" varchar NOT NULL PRIMARY KEY, "value" varchar, "created_at" datetime NOT NULL, "updated_at" datetime NOT NULL)[0m
  [1m[36mActiveRecord::InternalMetadata Load (0.4ms)[0m  [1m[34mSELECT  "ar_internal_metadata".* FROM "ar_internal_metadata" WHERE "ar_internal_metadata"."key" = ? LIMIT ?[0m  [["key", "environment"], ["LIMIT", 1]]
  [1m[35m (0.1ms)[0m  [1m[36mbegin transaction[0m
  [1m[35mSQL (0.3ms)[0m  [1m[32mINSERT INTO "ar_internal_metadata" ("key", "value", "created_at", "updated_at") VALUES (?, ?, ?, ?)[0m  [["key", "environment"], ["value", "development"], ["created_at", "2019-01-15 23:13:49.200755"], ["updated_at", "2019-01-15 23:13:49.200755"]]
  [1m[35m (40.4ms)[0m  [1m[36mcommit transaction[0m
  [1m[36mActiveRecord::InternalMetadata Load (0.1ms)[0m  [1m[34mSELECT  "ar_internal_metadata".* FROM "ar_internal_metadata" WHERE "ar_internal_metadata"."key" = ? LIMIT ?[0m  [["key", "environment"], ["LIMIT", 1]]
  [1m[35m (0.1ms)[0m  [1m[36mbegin transaction[0m
  [1m[35mSQL (0.2ms)[0m  [1m[33mUPDATE "ar_internal_metadata" SET "value" = ?, "updated_at" = ? WHERE "ar_internal_metadata"."key" = ?[0m  [["value", "test"], ["updated_at", "2019-01-15 23:13:49.247733"], ["key", "environment"]]
  [1m[35m (42.5ms)[0m  [1m[36mcommit transaction[0m
  [1m[35m (0.1ms)[0m  [1m[34mSELECT "schema_migrations"."version" FROM "schema_migrations" ORDER BY "schema_migrations"."version" ASC[0m
Migrating to CreateUsers (20190115225938)
  [1m[35m (0.0ms)[0m  [1m[36mbegin transaction[0m
  [1m[35m (0.1ms)[0m  [1m[34mSELECT sqlite_version(*)[0m
  [1m[35m (1.3ms)[0m  [1m[35mCREATE TABLE "users" ("id" INTEGER PRIMARY KEY AUTOINCREMENT NOT NULL, "name" varchar, "email" varchar, "password_digest" varchar, "created_at" datetime NOT NULL, "updated_at" datetime NOT NULL)[0m
  [1m[35mSQL (0.2ms)[0m  [1m[32mINSERT INTO "schema_migrations" ("version") VALUES (?)[0m  [["version", "20190115225938"]]
  [1m[35m (71.1ms)[0m  [1m[36mcommit transaction[0m
  [1m[36mActiveRecord::InternalMetadata Load (0.3ms)[0m  [1m[34mSELECT  "ar_internal_metadata".* FROM "ar_internal_metadata" WHERE "ar_internal_metadata"."key" = ? LIMIT ?[0m  [["key", "environment"], ["LIMIT", 1]]
  [1m[35m (0.0ms)[0m  [1m[36mbegin transaction[0m
  [1m[35m (0.0ms)[0m  [1m[36mcommit transaction[0m
  [1m[35m (0.1ms)[0m  [1m[34mSELECT "schema_migrations"."version" FROM "schema_migrations" ORDER BY "schema_migrations"."version" ASC[0m
  [1m[35m (0.1ms)[0m  [1m[34m            SELECT sql
            FROM sqlite_master
            WHERE name='index_items_on_todo_id' AND type='index'
            UNION ALL
            SELECT sql
            FROM sqlite_temp_master
            WHERE name='index_items_on_todo_id' AND type='index'
[0m
  [1m[35m (0.1ms)[0m  [1m[34mSELECT "schema_migrations"."version" FROM "schema_migrations" ORDER BY "schema_migrations"."version" ASC[0m
  [1m[35m (0.1ms)[0m  [1m[34mSELECT "ar_internal_metadata"."value" FROM "ar_internal_metadata" WHERE "ar_internal_metadata"."key" = ?[0m  [["key", "environment"]]
  [1m[35m (0.1ms)[0m  [1m[34mSELECT "schema_migrations"."version" FROM "schema_migrations" ORDER BY "schema_migrations"."version" ASC[0m
  [1m[35m (0.1ms)[0m  [1m[34mSELECT "ar_internal_metadata"."value" FROM "ar_internal_metadata" WHERE "ar_internal_metadata"."key" = ?[0m  [["key", "environment"]]
  [1m[35m (0.1ms)[0m  [1m[34mSELECT "schema_migrations"."version" FROM "schema_migrations" ORDER BY "schema_migrations"."version" ASC[0m
  [1m[35m (0.1ms)[0m  [1m[34mSELECT "ar_internal_metadata"."value" FROM "ar_internal_metadata" WHERE "ar_internal_metadata"."key" = ?[0m  [["key", "environment"]]
  [1m[35m (0.1ms)[0m  [1m[35mDROP TABLE IF EXISTS "items"[0m
  [1m[35m (0.1ms)[0m  [1m[34mSELECT sqlite_version(*)[0m
  [1m[35m (64.4ms)[0m  [1m[35mCREATE TABLE "items" ("id" INTEGER PRIMARY KEY AUTOINCREMENT NOT NULL, "name" varchar, "done" boolean, "todo_id" integer, "created_at" datetime NOT NULL, "updated_at" datetime NOT NULL)[0m
  [1m[35m (69.8ms)[0m  [1m[35mCREATE  INDEX "index_items_on_todo_id" ON "items" ("todo_id")[0m
  [1m[35m (0.3ms)[0m  [1m[35mDROP TABLE IF EXISTS "todos"[0m
  [1m[35m (69.1ms)[0m  [1m[35mCREATE TABLE "todos" ("id" INTEGER PRIMARY KEY AUTOINCREMENT NOT NULL, "title" varchar, "created_by" varchar, "created_at" datetime NOT NULL, "updated_at" datetime NOT NULL)[0m
  [1m[35m (0.3ms)[0m  [1m[35mDROP TABLE IF EXISTS "users"[0m
  [1m[35m (65.1ms)[0m  [1m[35mCREATE TABLE "users" ("id" INTEGER PRIMARY KEY AUTOINCREMENT NOT NULL, "name" varchar, "email" varchar, "password_digest" varchar, "created_at" datetime NOT NULL, "updated_at" datetime NOT NULL)[0m
  [1m[35m (65.6ms)[0m  [1m[35mCREATE TABLE "schema_migrations" ("version" varchar NOT NULL PRIMARY KEY)[0m
  [1m[35m (0.4ms)[0m  [1m[34mSELECT "schema_migrations"."version" FROM "schema_migrations" ORDER BY "schema_migrations"."version" ASC[0m
  [1m[35m (48.5ms)[0m  [1m[32mINSERT INTO "schema_migrations" (version) VALUES (20190115225938)[0m
  [1m[35m (51.3ms)[0m  [1m[32mINSERT INTO "schema_migrations" (version) VALUES
(20190114191646),
(20190114191822);

[0m
  [1m[35m (69.4ms)[0m  [1m[35mCREATE TABLE "ar_internal_metadata" ("key" varchar NOT NULL PRIMARY KEY, "value" varchar, "created_at" datetime NOT NULL, "updated_at" datetime NOT NULL)[0m
  [1m[36mActiveRecord::InternalMetadata Load (0.4ms)[0m  [1m[34mSELECT  "ar_internal_metadata".* FROM "ar_internal_metadata" WHERE "ar_internal_metadata"."key" = ? LIMIT ?[0m  [["key", "environment"], ["LIMIT", 1]]
  [1m[35m (0.1ms)[0m  [1m[36mbegin transaction[0m
  [1m[35mSQL (0.2ms)[0m  [1m[32mINSERT INTO "ar_internal_metadata" ("key", "value", "created_at", "updated_at") VALUES (?, ?, ?, ?)[0m  [["key", "environment"], ["value", "development"], ["created_at", "2019-01-15 23:22:28.048621"], ["updated_at", "2019-01-15 23:22:28.048621"]]
  [1m[35m (53.8ms)[0m  [1m[36mcommit transaction[0m
  [1m[36mActiveRecord::InternalMetadata Load (0.2ms)[0m  [1m[34mSELECT  "ar_internal_metadata".* FROM "ar_internal_metadata" WHERE "ar_internal_metadata"."key" = ? LIMIT ?[0m  [["key", "environment"], ["LIMIT", 1]]
  [1m[35m (0.1ms)[0m  [1m[36mbegin transaction[0m
  [1m[35mSQL (0.4ms)[0m  [1m[33mUPDATE "ar_internal_metadata" SET "value" = ?, "updated_at" = ? WHERE "ar_internal_metadata"."key" = ?[0m  [["value", "test"], ["updated_at", "2019-01-15 23:22:28.108414"], ["key", "environment"]]
  [1m[35m (66.5ms)[0m  [1m[36mcommit transaction[0m
Started GET "/todos/2/items/1" for 127.0.0.1 at 2019-01-15 21:55:58 -0600
  [1m[35m (0.1ms)[0m  [1m[34mSELECT "schema_migrations"."version" FROM "schema_migrations" ORDER BY "schema_migrations"."version" ASC[0m
Processing by ItemsController#show as */*
  Parameters: {"todo_id"=>"2", "id"=>"1"}
  [1m[36mTodo Load (0.2ms)[0m  [1m[34mSELECT  "todos".* FROM "todos" WHERE "todos"."id" = ? LIMIT ?[0m  [["id", 2], ["LIMIT", 1]]
  [1m[36mItem Load (0.2ms)[0m  [1m[34mSELECT  "items".* FROM "items" WHERE "items"."todo_id" = ? AND "items"."id" = ? LIMIT ?[0m  [["todo_id", 2], ["id", 1], ["LIMIT", 1]]
Completed 404 Not Found in 28ms (Views: 0.2ms | ActiveRecord: 1.6ms)


Started GET "/todos" for 127.0.0.1 at 2019-01-15 21:56:04 -0600
Processing by TodosController#index as */*
  [1m[36mTodo Load (0.2ms)[0m  [1m[34mSELECT "todos".* FROM "todos"[0m
Completed 200 OK in 3ms (Views: 1.7ms | ActiveRecord: 0.5ms)


Started DELETE "/todos/2" for 127.0.0.1 at 2019-01-15 21:56:24 -0600
Processing by TodosController#destroy as */*
  Parameters: {"id"=>"2"}
  [1m[36mTodo Load (0.2ms)[0m  [1m[34mSELECT  "todos".* FROM "todos" WHERE "todos"."id" = ? LIMIT ?[0m  [["id", 2], ["LIMIT", 1]]
  [1m[35m (0.1ms)[0m  [1m[36mbegin transaction[0m
  [1m[36mItem Load (0.3ms)[0m  [1m[34mSELECT "items".* FROM "items" WHERE "items"."todo_id" = ?[0m  [["todo_id", 2]]
  [1m[35mSQL (0.2ms)[0m  [1m[31mDELETE FROM "todos" WHERE "todos"."id" = ?[0m  [["id", 2]]
  [1m[35m (121.7ms)[0m  [1m[36mcommit transaction[0m
Completed 204 No Content in 128ms (ActiveRecord: 122.4ms)


Started GET "/todos/" for 127.0.0.1 at 2019-01-15 21:56:30 -0600
Processing by TodosController#index as */*
  [1m[36mTodo Load (0.2ms)[0m  [1m[34mSELECT "todos".* FROM "todos"[0m
Completed 200 OK in 1ms (Views: 0.6ms | ActiveRecord: 0.2ms)


Started GET "/todos/" for 127.0.0.1 at 2019-01-15 22:40:13 -0600
  [1m[35m (0.2ms)[0m  [1m[34mSELECT "schema_migrations"."version" FROM "schema_migrations" ORDER BY "schema_migrations"."version" ASC[0m
Processing by TodosController#index as */*
Completed 422 Unprocessable Entity in 2ms (Views: 0.2ms | ActiveRecord: 0.0ms)


Started POST "/todos/?name=ash&email=ash@email.com&password=[FILTERED]&password_confirmation=[FILTERED]" for 127.0.0.1 at 2019-01-15 22:41:20 -0600
Processing by TodosController#create as */*
  Parameters: {"name"=>"ash", "email"=>"ash@email.com", "password"=>"[FILTERED]", "password_confirmation"=>"[FILTERED]"}
Completed 422 Unprocessable Entity in 0ms (Views: 0.2ms | ActiveRecord: 0.0ms)


Started POST "/signup/?name=ash&email=ash@email.com&password=[FILTERED]&password_confirmation=[FILTERED]" for 127.0.0.1 at 2019-01-15 22:41:36 -0600
Processing by UsersController#create as */*
  Parameters: {"name"=>"ash", "email"=>"ash@email.com", "password"=>"[FILTERED]", "password_confirmation"=>"[FILTERED]"}
  [1m[35m (0.1ms)[0m  [1m[36mbegin transaction[0m
  [1m[35mSQL (0.4ms)[0m  [1m[32mINSERT INTO "users" ("name", "email", "password_digest", "created_at", "updated_at") VALUES (?, ?, ?, ?, ?)[0m  [["name", "ash"], ["email", "ash@email.com"], ["password_digest", "$2a$10$a3CkbX/llDvpdwjoPwNoPu9xhNfWgMFEW6uhyr/Tov1mV/sOTznaO"], ["created_at", "2019-01-16 04:41:36.306277"], ["updated_at", "2019-01-16 04:41:36.306277"]]
  [1m[35m (70.6ms)[0m  [1m[36mcommit transaction[0m
  [1m[36mUser Load (0.2ms)[0m  [1m[34mSELECT  "users".* FROM "users" WHERE "users"."email" = ? LIMIT ?[0m  [["email", "ash@email.com"], ["LIMIT", 1]]
  [1m[36mCACHE User Load (0.0ms)[0m  [1m[34mSELECT  "users".* FROM "users" WHERE "users"."email" = ? LIMIT ?[0m  [["email", "ash@email.com"], ["LIMIT", 1]]
Completed 201 Created in 310ms (Views: 0.2ms | ActiveRecord: 72.9ms)


Started GET "/todos%20/" for 127.0.0.1 at 2019-01-15 22:42:04 -0600
  
ActionController::RoutingError (No route matches [GET] "/todos%20"):
  
actionpack (5.1.6.1) lib/action_dispatch/middleware/debug_exceptions.rb:63:in `call'
actionpack (5.1.6.1) lib/action_dispatch/middleware/show_exceptions.rb:31:in `call'
railties (5.1.6.1) lib/rails/rack/logger.rb:36:in `call_app'
railties (5.1.6.1) lib/rails/rack/logger.rb:24:in `block in call'
activesupport (5.1.6.1) lib/active_support/tagged_logging.rb:69:in `block in tagged'
activesupport (5.1.6.1) lib/active_support/tagged_logging.rb:26:in `tagged'
activesupport (5.1.6.1) lib/active_support/tagged_logging.rb:69:in `tagged'
railties (5.1.6.1) lib/rails/rack/logger.rb:24:in `call'
actionpack (5.1.6.1) lib/action_dispatch/middleware/remote_ip.rb:79:in `call'
actionpack (5.1.6.1) lib/action_dispatch/middleware/request_id.rb:25:in `call'
rack (2.0.6) lib/rack/runtime.rb:22:in `call'
activesupport (5.1.6.1) lib/active_support/cache/strategy/local_cache_middleware.rb:27:in `call'
actionpack (5.1.6.1) lib/action_dispatch/middleware/executor.rb:12:in `call'
actionpack (5.1.6.1) lib/action_dispatch/middleware/static.rb:125:in `call'
rack (2.0.6) lib/rack/sendfile.rb:111:in `call'
railties (5.1.6.1) lib/rails/engine.rb:522:in `call'
puma (3.12.0) lib/puma/configuration.rb:225:in `call'
puma (3.12.0) lib/puma/server.rb:658:in `handle_request'
puma (3.12.0) lib/puma/server.rb:472:in `process_client'
puma (3.12.0) lib/puma/server.rb:332:in `block in run'
puma (3.12.0) lib/puma/thread_pool.rb:133:in `block in spawn_thread'
Started GET "/todos" for 127.0.0.1 at 2019-01-15 22:42:10 -0600
Processing by TodosController#index as */*
Completed 422 Unprocessable Entity in 0ms (Views: 0.2ms | ActiveRecord: 0.0ms)


Started POST "/signup/?name=ash&email=ash@email.com&password=[FILTERED]&password_confirmation=[FILTERED]" for 127.0.0.1 at 2019-01-15 22:42:20 -0600
Processing by UsersController#create as */*
  Parameters: {"name"=>"ash", "email"=>"ash@email.com", "password"=>"[FILTERED]", "password_confirmation"=>"[FILTERED]"}
  [1m[35m (0.2ms)[0m  [1m[36mbegin transaction[0m
  [1m[35mSQL (0.2ms)[0m  [1m[32mINSERT INTO "users" ("name", "email", "password_digest", "created_at", "updated_at") VALUES (?, ?, ?, ?, ?)[0m  [["name", "ash"], ["email", "ash@email.com"], ["password_digest", "$2a$10$FC4SQjH10U/C4TlGRkDdY.tPVUPSoViNg1O2eBZC10yB0skwBFXsu"], ["created_at", "2019-01-16 04:42:20.896815"], ["updated_at", "2019-01-16 04:42:20.896815"]]
  [1m[35m (75.5ms)[0m  [1m[36mcommit transaction[0m
  [1m[36mUser Load (0.1ms)[0m  [1m[34mSELECT  "users".* FROM "users" WHERE "users"."email" = ? LIMIT ?[0m  [["email", "ash@email.com"], ["LIMIT", 1]]
  [1m[36mCACHE User Load (0.0ms)[0m  [1m[34mSELECT  "users".* FROM "users" WHERE "users"."email" = ? LIMIT ?[0m  [["email", "ash@email.com"], ["LIMIT", 1]]
Completed 201 Created in 288ms (Views: 0.2ms | ActiveRecord: 76.0ms)


Started GET "/todos" for 127.0.0.1 at 2019-01-15 22:43:21 -0600
Processing by TodosController#index as */*
  [1m[36mUser Load (0.2ms)[0m  [1m[34mSELECT  "users".* FROM "users" WHERE "users"."id" = ? LIMIT ?[0m  [["id", 1], ["LIMIT", 1]]
  [1m[36mTodo Load (0.3ms)[0m  [1m[34mSELECT "todos".* FROM "todos" WHERE "todos"."created_by" = ?[0m  [["created_by", "1"]]
Completed 200 OK in 20ms (Views: 6.3ms | ActiveRecord: 1.3ms)


Started POST "/todos?title=Beethoven" for 127.0.0.1 at 2019-01-15 22:43:43 -0600
Processing by TodosController#create as */*
  Parameters: {"title"=>"Beethoven"}
  [1m[36mUser Load (0.2ms)[0m  [1m[34mSELECT  "users".* FROM "users" WHERE "users"."id" = ? LIMIT ?[0m  [["id", 1], ["LIMIT", 1]]
  [1m[35m (0.1ms)[0m  [1m[36mbegin transaction[0m
  [1m[35mSQL (0.4ms)[0m  [1m[32mINSERT INTO "todos" ("title", "created_by", "created_at", "updated_at") VALUES (?, ?, ?, ?)[0m  [["title", "Beethoven"], ["created_by", "1"], ["created_at", "2019-01-16 04:43:43.958821"], ["updated_at", "2019-01-16 04:43:43.958821"]]
  [1m[35m (87.5ms)[0m  [1m[36mcommit transaction[0m
Completed 201 Created in 103ms (Views: 0.4ms | ActiveRecord: 88.6ms)


Started GET "/todos" for 127.0.0.1 at 2019-01-15 22:43:58 -0600
Processing by TodosController#index as */*
  [1m[36mUser Load (0.2ms)[0m  [1m[34mSELECT  "users".* FROM "users" WHERE "users"."id" = ? LIMIT ?[0m  [["id", 1], ["LIMIT", 1]]
  [1m[36mTodo Load (0.2ms)[0m  [1m[34mSELECT "todos".* FROM "todos" WHERE "todos"."created_by" = ?[0m  [["created_by", "1"]]
Completed 200 OK in 4ms (Views: 1.9ms | ActiveRecord: 0.3ms)


